<?xml version="1.0" encoding="UTF-8"?>
<testng-results skipped="0" failed="0" ignored="0" total="1" passed="1">
  <reporter-output>
  </reporter-output>
  <suite name="Surefire suite" duration-ms="10817" started-at="2019-05-18T02:56:05Z" finished-at="2019-05-18T02:56:16Z">
    <groups>
    </groups>
    <test name="Surefire test" duration-ms="10817" started-at="2019-05-18T02:56:05Z" finished-at="2019-05-18T02:56:16Z">
      <class name="DriverFactory.AppTest">
        <test-method status="PASS" signature="kickStart()[pri:0, instance:DriverFactory.AppTest@9f70c54]" name="kickStart" duration-ms="10786" started-at="2019-05-18T02:56:05Z" finished-at="2019-05-18T02:56:16Z">
          <reporter-output>
          </reporter-output>
        </test-method> <!-- kickStart -->
      </class> <!-- DriverFactory.AppTest -->
    </test> <!-- Surefire test -->
  </suite> <!-- Surefire suite -->
</testng-results>
